<?xml version="1.0" encoding="UTF-8"?><testsuite errors="1" failures="0" name="Best buy" skipped="0" tests="1" time="6.76" timestamp="2023-01-09T09:08:21.816Z[Europe/London]"><testcase name="CRUD test"><error message="No such property: name for class: java.util.HashMap$Node&#10;Possible solutions: value" type="groovy.lang.MissingPropertyException">No such property: name for class: java.util.HashMap$Node
Possible solutions: value</error><system-err>No such property: name for class: java.util.HashMap$Node
Possible solutions: value&#13;
groovy.lang.MetaMethod.doMethodInvoke(MetaMethod.java:325)&#13;
groovy.lang.MetaClassImpl.invokeMethod(MetaClassImpl.java:1022)&#13;
Script1.run(Script1.groovy:1)&#13;
groovy.lang.GroovyShell.evaluate(GroovyShell.java:585)&#13;
groovy.lang.GroovyShell.evaluate(GroovyShell.java:623)&#13;
groovy.lang.GroovyShell.evaluate(GroovyShell.java:594)&#13;
io.restassured.internal.path.json.JSONAssertion.eval(JSONAssertion.groovy:80)&#13;
io.restassured.internal.path.json.JSONAssertion.getAsJsonObject(JSONAssertion.groovy:46)&#13;
io.restassured.internal.path.json.JSONAssertion.getResult(JSONAssertion.groovy:28)&#13;
io.restassured.path.json.JsonPath.get(JsonPath.java:202)&#13;
io.restassured.internal.RestAssuredResponseOptionsGroovyImpl.path(RestAssuredResponseOptionsGroovyImpl.groovy:398)&#13;
io.restassured.internal.RestAssuredResponseOptionsImpl.path(RestAssuredResponseOptionsImpl.java:200)&#13;
com.bestbuy.playgroundinfo.ProductSteps.getProductInfoByName(ProductSteps.java:58)&#13;
com.bestbuy.cucumber.steps.MyStepDefs.iVerifyTheProductIsCreatedWith(MyStepDefs.java:37)&#13;
</system-err></testcase></testsuite>