<?xml version="1.0" encoding="UTF-8"?><testsuite errors="0" failures="1" name="Store Application" skipped="0" tests="1" time="0.19" timestamp="2023-01-10T21:07:02.282Z[Europe/London]"><testcase name="CRUD Test"><failure message="1 expectation failed.&#10;Expected status code &lt;404&gt; but was &lt;500&gt;.&#10;" type="java.lang.AssertionError">1 expectation failed.
Expected status code &lt;404&gt; but was &lt;500&gt;.
</failure><system-err>1 expectation failed.
Expected status code &lt;404&gt; but was &lt;500&gt;.
&#13;
io.restassured.internal.ResponseSpecificationImpl.validateResponseIfRequired(ResponseSpecificationImpl.groovy:636)&#13;
io.restassured.internal.ResponseSpecificationImpl.statusCode(ResponseSpecificationImpl.groovy:122)&#13;
io.restassured.internal.ResponseSpecificationImpl.statusCode(ResponseSpecificationImpl.groovy:130)&#13;
io.restassured.internal.ValidatableResponseOptionsImpl.statusCode(ValidatableResponseOptionsImpl.java:117)&#13;
com.bestbuy.cucumber.steps.StoreCRUDStepDef.iVerifyThatStoreIsDeletedSuccessfully(StoreCRUDStepDef.java:50)&#13;
âœ½.Then I verify that store is deleted successfully(storeCRUD.feature:11)&#13;
</system-err></testcase></testsuite>