<?xml version="1.0" encoding="UTF-8"?><testsuite errors="0" failures="1" name="Testing a different request on product" skipped="0" tests="4" time="0.28" timestamp="2023-01-10T21:07:01.829Z[Europe/London]"><testcase name="As a user I want to create product"/><testcase name="As a user I want to get created product with productId"/><testcase name="As a user I want to update the product with productId"/><testcase name="As a user I want to delete the product"><failure message="1 expectation failed.&#10;Expected status code &lt;404&gt; but was &lt;500&gt;.&#10;" type="java.lang.AssertionError">1 expectation failed.
Expected status code &lt;404&gt; but was &lt;500&gt;.
</failure><system-err>1 expectation failed.
Expected status code &lt;404&gt; but was &lt;500&gt;.
&#13;
io.restassured.internal.ResponseSpecificationImpl.validateResponseIfRequired(ResponseSpecificationImpl.groovy:636)&#13;
io.restassured.internal.ResponseSpecificationImpl.statusCode(ResponseSpecificationImpl.groovy:122)&#13;
io.restassured.internal.ResponseSpecificationImpl.statusCode(ResponseSpecificationImpl.groovy:130)&#13;
io.restassured.internal.ValidatableResponseOptionsImpl.statusCode(ValidatableResponseOptionsImpl.java:117)&#13;
com.bestbuy.cucumber.steps.ProductsSteps.iCheckProdctIsDeleted(ProductsSteps.java:72)&#13;
✽.And I check prodct is deleted(productendpoint.feature:17)&#13;
</system-err></testcase></testsuite>